[NUEVO CLIENTE]: SOCKET 6
[MENSAJE DE SERVIDOR]:  Bienvenido a la plataforma de la Universidad Nacional de La Matanza
Ingrese nombre de usuario y contraseña como <nombre_de_usuario>:<contraseña>
INGRESE: 
[MENSAJE DE CLIENTE (SOCKET: 6)] Pedro:perez

[MENSAJE DE CLIENTE (SOCKET: 6)] LUCA:x5sqsa

[NUEVO CLIENTE]: SOCKET 6
[MENSAJE DE SERVIDOR]:  Bienvenido a la plataforma de la Universidad Nacional de La Matanza
Ingrese nombre de usuario y contraseña como <nombre_de_usuario>:<contraseña>
INGRESE: 
[MENSAJE DE CLIENTE (SOCKET: 6)] PEPE:jose1

[MENSAJE DE SERVIDOR]:  Bienvenido a la plataforma de la Universidad Nacional de La Matanza
Ingrese nombre de usuario y contraseña como <nombre_de_usuario>:<contraseña>
INGRESE: 
[MENSAJE DE CLIENTE (SOCKET: 6)] didid:38n9d3

[MENSAJE DE CLIENTE (SOCKET: 6)] SOFI:abxdda

[CLIENTE DESCONECTADO]: SOCKET 6
[NUEVO CLIENTE]: SOCKET 6
[MENSAJE DE SERVIDOR]:  Bienvenido a la plataforma de la Universidad Nacional de La Matanza
Ingrese nombre de usuario y contraseña como <nombre_de_usuario>:<contraseña>
INGRESE: 
[MENSAJE DE CLIENTE (SOCKET: 6)] LUCA:x5sqsa

[MENSAJE DE SERVIDOR]:  Bienvenido a la plataforma de la Universidad Nacional de La Matanza
Ingrese nombre de usuario y contraseña como <nombre_de_usuario>:<contraseña>
INGRESE: 
[MENSAJE DE CLIENTE (SOCKET: 6)] PEPE:fnini

[NUEVO CLIENTE]: SOCKET 6
[MENSAJE DE SERVIDOR]:  Bienvenido a la plataforma de la Universidad Nacional de La Matanza
Ingrese nombre de usuario y contraseña como <nombre_de_usuario>:<contraseña>
INGRESE: 
[MENSAJE DE CLIENTE (SOCKET: 6)] LUCA:fnifni

[MENSAJE DE SERVIDOR]:  BIENVENIDO LUCA | ROLE: D | COMISION: 1
[MENSAJE DE CLIENTE (SOCKET: 6)] nnj

[MENSAJE DE CLIENTE (SOCKET: 6)] noino

[MENSAJE DE CLIENTE (SOCKET: 6)] ninini:nidfnis

[CLIENTE DESCONECTADO]: SOCKET 6
[NUEVO CLIENTE]: SOCKET 6
[MENSAJE DE SERVIDOR]:  Bienvenido a la plataforma de la Universidad Nacional de La Matanza
Ingrese nombre de usuario y contraseña como <nombre_de_usuario>:<contraseña>
INGRESE: 
[MENSAJE DE CLIENTE (SOCKET: 6)] PEPE:nfinfifn

[MENSAJE DE SERVIDOR]:  BIENVENIDO PEPE | ROLE: A | COMISION: 2
[CLIENTE DESCONECTADO]: SOCKET 6
[NUEVO CLIENTE]: SOCKET 7
[MENSAJE DE SERVIDOR]:  Bienvenido a la plataforma de la Universidad Nacional de La Matanza
Ingrese nombre de usuario y contraseña como <nombre_de_usuario>:<contraseña>
INGRESE: 
[MENSAJE DE CLIENTE (SOCKET: 7)] nfinif:fidni

[MENSAJE DE SERVIDOR]:  No se encontro usuario con esa combinacion de USUARIO:CONTRASEÑA
[MENSAJE DE CLIENTE (SOCKET: 7)] jfofjof:fmsms

[MENSAJE DE SERVIDOR]:  No se encontro usuario con esa combinacion de USUARIO:CONTRASEÑA
[MENSAJE DE CLIENTE (SOCKET: 7)] PEPE:mfimfis

[MENSAJE DE SERVIDOR]:  BIENVENIDO PEPE | ROLE: A | COMISION: 2
[CLIENTE DESCONECTADO]: SOCKET 7
[NUEVO CLIENTE]: SOCKET 8
[MENSAJE DE SERVIDOR]:  Bienvenido a la plataforma de la Universidad Nacional de La Matanza
Ingrese nombre de usuario y contraseña como <nombre_de_usuario>:<contraseña>
INGRESE: 
[MENSAJE DE CLIENTE (SOCKET: 8)] LUCA:dniao

[MENSAJE DE SERVIDOR]:  BIENVENIDO LUCA | ROLE: D | COMISION: 1
[NUEVO CLIENTE]: SOCKET 6
[MENSAJE DE SERVIDOR]:  Bienvenido a la plataforma de la Universidad Nacional de La Matanza
Ingrese nombre de usuario y contraseña como <nombre_de_usuario>:<contraseña>
INGRESE: 
[NUEVO CLIENTE]: SOCKET 7
[MENSAJE DE SERVIDOR]:  Bienvenido a la plataforma de la Universidad Nacional de La Matanza
Ingrese nombre de usuario y contraseña como <nombre_de_usuario>:<contraseña>
INGRESE: 
[MENSAJE DE CLIENTE (SOCKET: 6)] LUCA:x5sqsa

[MENSAJE DE SERVIDOR]:  No se encontro usuario con esa combinacion de USUARIO:CONTRASEÑA
[MENSAJE DE CLIENTE (SOCKET: 7)] PEPE:x4sbsa

[MENSAJE DE SERVIDOR]:  No se encontro usuario con esa combinacion de USUARIO:CONTRASEÑA
[NUEVO CLIENTE]: SOCKET 6
[MENSAJE DE SERVIDOR]:  Bienvenido a la plataforma de la Universidad Nacional de La Matanza
Ingrese nombre de usuario y contraseña como <nombre_de_usuario>:<contraseña>
INGRESE: 
[NUEVO CLIENTE]: SOCKET 7
[MENSAJE DE SERVIDOR]:  Bienvenido a la plataforma de la Universidad Nacional de La Matanza
Ingrese nombre de usuario y contraseña como <nombre_de_usuario>:<contraseña>
INGRESE: 
[MENSAJE DE CLIENTE (SOCKET: 6)] LUCA:dunsada

[MENSAJE DE SERVIDOR]:  No se encontro usuario con esa combinacion de USUARIO:CONTRASEÑA
[MENSAJE DE CLIENTE (SOCKET: 7)] LUCA:x5sqsa

[MENSAJE DE SERVIDOR]:  No se encontro usuario con esa combinacion de USUARIO:CONTRASEÑA
[NUEVO CLIENTE]: SOCKET 6
[MENSAJE DE SERVIDOR]:  Bienvenido a la plataforma de la Universidad Nacional de La Matanza
Ingrese nombre de usuario y contraseña como <nombre_de_usuario>:<contraseña>
INGRESE: 
[MENSAJE DE CLIENTE (SOCKET: 6)] LUCA:x5sqsa

[MENSAJE DE SERVIDOR]:  No se encontro usuario con esa combinacion de USUARIO:CONTRASEÑA
[NUEVO CLIENTE]: SOCKET 6
[MENSAJE DE SERVIDOR]:  Bienvenido a la plataforma de la Universidad Nacional de La Matanza
Ingrese nombre de usuario y contraseña como <nombre_de_usuario>:<contraseña>
INGRESE: 
[MENSAJE DE CLIENTE (SOCKET: 6)] LUCA:x5sqsa

[MENSAJE DE SERVIDOR]:  No se encontro usuario con esa combinacion de USUARIO:CONTRASEÑA
[NUEVO CLIENTE]: SOCKET 6
[MENSAJE DE SERVIDOR]:  Bienvenido a la plataforma de la Universidad Nacional de La Matanza
Ingrese nombre de usuario y contraseña como <nombre_de_usuario>:<contraseña>
INGRESE: 
[MENSAJE DE CLIENTE (SOCKET: 6)] PEPE:pateatraseros

[MENSAJE DE SERVIDOR]:  No se encontro usuario con esa combinacion de USUARIO:CONTRASEÑA
[MENSAJE DE CLIENTE (SOCKET: 6)] PEPE:x3sbsa

[MENSAJE DE SERVIDOR]:  No se encontro usuario con esa combinacion de USUARIO:CONTRASEÑA
[NUEVO CLIENTE]: SOCKET 6
[MENSAJE DE SERVIDOR]:  Bienvenido a la plataforma de la Universidad Nacional de La Matanza
Ingrese nombre de usuario y contraseña como <nombre_de_usuario>:<contraseña>
INGRESE: 
[MENSAJE DE CLIENTE (SOCKET: 6)] PEPE:x3sbsa

[MENSAJE DE SERVIDOR]:  No se encontro usuario con esa combinacion de USUARIO:CONTRASEÑA
[MENSAJE DE CLIENTE (SOCKET: 6)] PEPE:dmoma

[MENSAJE DE SERVIDOR]:  No se encontro usuario con esa combinacion de USUARIO:CONTRASEÑA
[MENSAJE DE CLIENTE (SOCKET: 6)] PEPE:x5sqsa

[MENSAJE DE SERVIDOR]:  No se encontro usuario con esa combinacion de USUARIO:CONTRASEÑA
[NUEVO CLIENTE]: SOCKET 6
[MENSAJE DE SERVIDOR]:  Bienvenido a la plataforma de la Universidad Nacional de La Matanza
Ingrese nombre de usuario y contraseña como <nombre_de_usuario>:<contraseña>
INGRESE: 
[MENSAJE DE CLIENTE (SOCKET: 6)] PEPE:x3sbsa

[MENSAJE DE SERVIDOR]:  No se encontro usuario con esa combinacion de USUARIO:CONTRASEÑA
[MENSAJE DE CLIENTE (SOCKET: 6)] PEPE:x3sbsa

[MENSAJE DE SERVIDOR]:  No se encontro usuario con esa combinacion de USUARIO:CONTRASEÑA
[MENSAJE DE CLIENTE (SOCKET: 6)] PEPE:A

[MENSAJE DE SERVIDOR]:  No se encontro usuario con esa combinacion de USUARIO:CONTRASEÑA
[MENSAJE DE CLIENTE (SOCKET: 6)] PEPE:2

[MENSAJE DE SERVIDOR]:  No se encontro usuario con esa combinacion de USUARIO:CONTRASEÑA
[MENSAJE DE CLIENTE (SOCKET: 6)] PEPE:X3SBSA

[MENSAJE DE SERVIDOR]:  No se encontro usuario con esa combinacion de USUARIO:CONTRASEÑA
[CLIENTE DESCONECTADO]: SOCKET 6
[NUEVO CLIENTE]: SOCKET 6
[MENSAJE DE SERVIDOR]:  Bienvenido a la plataforma de la Universidad Nacional de La Matanza
Ingrese nombre de usuario y contraseña como <nombre_de_usuario>:<contraseña>
INGRESE: 
[MENSAJE DE CLIENTE (SOCKET: 6)] PEPE:x4smdom

[MENSAJE DE SERVIDOR]:  No se encontro usuario con esa combinacion de USUARIO:CONTRASEÑA
[MENSAJE DE CLIENTE (SOCKET: 6)] PEPE:nfini

[MENSAJE DE SERVIDOR]:  No se encontro usuario con esa combinacion de USUARIO:CONTRASEÑA
[CLIENTE DESCONECTADO]: SOCKET 6
[NUEVO CLIENTE]: SOCKET 6
[MENSAJE DE SERVIDOR]:  Bienvenido a la plataforma de la Universidad Nacional de La Matanza
Ingrese nombre de usuario y contraseña como <nombre_de_usuario>:<contraseña>
INGRESE: 
[MENSAJE DE CLIENTE (SOCKET: 6)] PEPE:x3sbsa

[MENSAJE DE SERVIDOR]:  No se encontro usuario con esa combinacion de USUARIO:CONTRASEÑA
[CLIENTE DESCONECTADO]: SOCKET 6
[NUEVO CLIENTE]: SOCKET 6
[MENSAJE DE SERVIDOR]:  Bienvenido a la plataforma de la Universidad Nacional de La Matanza
Ingrese nombre de usuario y contraseña como <nombre_de_usuario>:<contraseña>
INGRESE: 
[MENSAJE DE CLIENTE (SOCKET: 6)] PEPE:x3sbsa

[MENSAJE DE SERVIDOR]:  No se encontro usuario con esa combinacion de USUARIO:CONTRASEÑA
[CLIENTE DESCONECTADO]: SOCKET 6
[NUEVO CLIENTE]: SOCKET 6
[MENSAJE DE SERVIDOR]:  Bienvenido a la plataforma de la Universidad Nacional de La Matanza
Ingrese nombre de usuario y contraseña como <nombre_de_usuario>:<contraseña>
INGRESE: 
[MENSAJE DE CLIENTE (SOCKET: 6)] LUCA:x5sqsa
[MENSAJE DE CLIENTE (SOCKET: 6)] 
[MENSAJE DE CLIENTE (SOCKET: 6)] 
[MENSAJE DE CLIENTE (SOCKET: 6)] fmdspf
[MENSAJE DE CLIENTE (SOCKET: 6)] sdfposd
[CLIENTE DESCONECTADO]: SOCKET 6
[NUEVO CLIENTE]: SOCKET 7
[MENSAJE DE SERVIDOR]:  Bienvenido a la plataforma de la Universidad Nacional de La Matanza
Ingrese nombre de usuario y contraseña como <nombre_de_usuario>:<contraseña>
INGRESE: 
[MENSAJE DE CLIENTE (SOCKET: 7)] LUCA:x5sqsa
[MENSAJE DE SERVIDOR]:  BIENVENIDO LUCA | ROLE: D | COMISION: 1
[MENSAJE DE CLIENTE (SOCKET: 7)] 9999-01-01
[CLIENTE DESCONECTADO]: SOCKET 7
[NUEVO CLIENTE]: SOCKET 8
[MENSAJE DE SERVIDOR]:  Bienvenido a la plataforma de la Universidad Nacional de La Matanza
Ingrese nombre de usuario y contraseña como <nombre_de_usuario>:<contraseña>
INGRESE: 
[NUEVO CLIENTE]: SOCKET 6
[MENSAJE DE SERVIDOR]:  Bienvenido a la plataforma de la Universidad Nacional de La Matanza
Ingrese nombre de usuario y contraseña como <nombre_de_usuario>:<contraseña>
INGRESE: 
[MENSAJE DE CLIENTE (SOCKET: 6)] LUCA:x5sqsa
[MENSAJE DE CLIENTE (SOCKET: 6)] LUCA:x5sqsa
[CLIENTE DESCONECTADO]: SOCKET 6
[NUEVO CLIENTE]: SOCKET 7
[MENSAJE DE SERVIDOR]:  Bienvenido a la plataforma de la Universidad Nacional de La Matanza
Ingrese nombre de usuario y contraseña como <nombre_de_usuario>:<contraseña>
INGRESE: 
[MENSAJE DE CLIENTE (SOCKET: 7)] LUCA:x5sqsa
[MENSAJE DE SERVIDOR]:  BIENVENIDO LUCA | ROLE: D | COMISION: 1
[MENSAJE DE CLIENTE (SOCKET: 7)] nifnofs
[MENSAJE DE CLIENTE (SOCKET: 7)] nfoisdnifs
[MENSAJE DE CLIENTE (SOCKET: 7)] 2222-01-01
[NUEVO CLIENTE]: SOCKET 6
[MENSAJE DE SERVIDOR]:  Bienvenido a la plataforma de la Universidad Nacional de La Matanza
Ingrese nombre de usuario y contraseña como <nombre_de_usuario>:<contraseña>
INGRESE: 
[MENSAJE DE CLIENTE (SOCKET: 6)] LUCA:x5sqsa
[CLIENTE DESCONECTADO]: SOCKET 6
[NUEVO CLIENTE]: SOCKET 7
[MENSAJE DE SERVIDOR]:  Bienvenido a la plataforma de la Universidad Nacional de La Matanza
Ingrese nombre de usuario y contraseña como <nombre_de_usuario>:<contraseña>
INGRESE: 
[MENSAJE DE CLIENTE (SOCKET: 7)] LUCA:x5sqsa
[MENSAJE DE SERVIDOR]:  BIENVENIDO LUCA | ROLE: D | COMISION: 1
[MENSAJE DE CLIENTE (SOCKET: 7)] 2020-01-01
[MENSAJE DE CLIENTE (SOCKET: 7)] 2020-01-01
[CLIENTE DESCONECTADO]: SOCKET 7
[NUEVO CLIENTE]: SOCKET 6
[MENSAJE DE SERVIDOR]:  Bienvenido a la plataforma de la Universidad Nacional de La Matanza
Ingrese nombre de usuario y contraseña como <nombre_de_usuario>:<contraseña>
INGRESE: 
[MENSAJE DE CLIENTE (SOCKET: 6)] LUCMD:DASMID
[MENSAJE DE CLIENTE (SOCKET: 6)] LUCA:x5sqsa
[MENSAJE DE CLIENTE (SOCKET: 6)] mfpsdmf
[CLIENTE DESCONECTADO]: SOCKET 6
[NUEVO CLIENTE]: SOCKET 7
[MENSAJE DE SERVIDOR]:  Bienvenido a la plataforma de la Universidad Nacional de La Matanza
Ingrese nombre de usuario y contraseña como <nombre_de_usuario>:<contraseña>
INGRESE: 
[MENSAJE DE CLIENTE (SOCKET: 7)] LUCA:x5sqsa
[MENSAJE DE SERVIDOR]:  BIENVENIDO LUCA | ROLE: D | COMISION: 1
[MENSAJE DE CLIENTE (SOCKET: 7)] 2020-01-01
[MENSAJE DE SERVIDOR]:  No hay un archivo cargado para esa fecha
Ingrese el presentismo del alumno enviando ALUMNO|PRESENCIA y cuando termine envie FIN
INGRESE NOMBRE|PRESENCIA: 
[MENSAJE DE CLIENTE (SOCKET: 7)] ROBERTO|A
[MENSAJE DE SERVIDOR]:  
INGRESE NOMBRE|PRESENCIA: 
[MENSAJE DE SERVIDOR]:  No hay un archivo cargado para esa fecha
Ingrese el presentismo del alumno enviando ALUMNO|PRESENCIA y cuando termine envie FIN
INGRESE NOMBRE|PRESENCIA: 
[MENSAJE DE CLIENTE (SOCKET: 7)] ANA|P
[MENSAJE DE SERVIDOR]:  
INGRESE NOMBRE|PRESENCIA: 
[MENSAJE DE SERVIDOR]:  No hay un archivo cargado para esa fecha
Ingrese el presentismo del alumno enviando ALUMNO|PRESENCIA y cuando termine envie FIN
INGRESE NOMBRE|PRESENCIA: 
[CLIENTE DESCONECTADO]: SOCKET 7
[NUEVO CLIENTE]: SOCKET 6
[MENSAJE DE SERVIDOR]:  Bienvenido a la plataforma de la Universidad Nacional de La Matanza
Ingrese nombre de usuario y contraseña como <nombre_de_usuario>:<contraseña>
INGRESE: 
[MENSAJE DE CLIENTE (SOCKET: 6)] LUCA:x5sqsa
[CLIENTE DESCONECTADO]: SOCKET 6
[NUEVO CLIENTE]: SOCKET 7
[MENSAJE DE SERVIDOR]:  Bienvenido a la plataforma de la Universidad Nacional de La Matanza
Ingrese nombre de usuario y contraseña como <nombre_de_usuario>:<contraseña>
INGRESE: 
[MENSAJE DE CLIENTE (SOCKET: 7)] LUCA:x5sqsa
[MENSAJE DE SERVIDOR]:  BIENVENIDO LUCA | ROLE: D | COMISION: 1
[MENSAJE DE CLIENTE (SOCKET: 7)] 2020-01-01
[MENSAJE DE SERVIDOR]:  No hay un archivo cargado para esa fecha
Ingrese el presentismo del alumno enviando ALUMNO|PRESENCIA y cuando termine envie FIN
INGRESE NOMBRE|PRESENCIA: 
[MENSAJE DE CLIENTE (SOCKET: 7)] roberto|a
[MENSAJE DE SERVIDOR]:  
FINALIZO EL PROCESO DE CARGA. SE HA GUARDADO EL ARCHIVO
[MENSAJE DE CLIENTE (SOCKET: 7)] 2020-01-01
[MENSAJE DE SERVIDOR]:  
FINALIZO EL PROCESO DE CARGA. SE HA GUARDADO EL ARCHIVO
[CLIENTE DESCONECTADO]: SOCKET 7
[NUEVO CLIENTE]: SOCKET 6
[MENSAJE DE SERVIDOR]:  Bienvenido a la plataforma de la Universidad Nacional de La Matanza
Ingrese nombre de usuario y contraseña como <nombre_de_usuario>:<contraseña>
INGRESE: 
[MENSAJE DE CLIENTE (SOCKET: 6)] fsdfsd
[CLIENTE DESCONECTADO]: SOCKET 6
[NUEVO CLIENTE]: SOCKET 7
[MENSAJE DE SERVIDOR]:  Bienvenido a la plataforma de la Universidad Nacional de La Matanza
Ingrese nombre de usuario y contraseña como <nombre_de_usuario>:<contraseña>
INGRESE: 
[MENSAJE DE CLIENTE (SOCKET: 7)] LUCA:x5sqsa
[MENSAJE DE SERVIDOR]:  BIENVENIDO LUCA | ROLE: D | COMISION: 1
[MENSAJE DE CLIENTE (SOCKET: 7)] 2020-01-01
[MENSAJE DE SERVIDOR]:  No hay un archivo cargado para esa fecha
Ingrese el presentismo del alumno enviando ALUMNO|PRESENCIA y cuando termine envie FIN
INGRESE NOMBRE|PRESENCIA: 
[MENSAJE DE CLIENTE (SOCKET: 7)] PEPE|P
[MENSAJE DE SERVIDOR]:  
INGRESE NOMBRE|PRESENCIA: 
[MENSAJE DE CLIENTE (SOCKET: 7)] ANA|A
[MENSAJE DE SERVIDOR]:  
INGRESE NOMBRE|PRESENCIA: 
[MENSAJE DE CLIENTE (SOCKET: 7)] JORGE|P
[MENSAJE DE SERVIDOR]:  
INGRESE NOMBRE|PRESENCIA: 
[MENSAJE DE CLIENTE (SOCKET: 7)] FIN
[MENSAJE DE SERVIDOR]:  
FINALIZO EL PROCESO DE CARGA. SE HA GUARDADO EL ARCHIVO
[CLIENTE DESCONECTADO]: SOCKET 7
[NUEVO CLIENTE]: SOCKET 6
[MENSAJE DE SERVIDOR]:  Bienvenido a la plataforma de la Universidad Nacional de La Matanza
Ingrese nombre de usuario y contraseña como <nombre_de_usuario>:<contraseña>
INGRESE: 
[NUEVO CLIENTE]: SOCKET 7
[MENSAJE DE SERVIDOR]:  Bienvenido a la plataforma de la Universidad Nacional de La Matanza
Ingrese nombre de usuario y contraseña como <nombre_de_usuario>:<contraseña>
INGRESE: 
[NUEVO CLIENTE]: SOCKET 8
[MENSAJE DE SERVIDOR]:  Bienvenido a la plataforma de la Universidad Nacional de La Matanza
Ingrese nombre de usuario y contraseña como <nombre_de_usuario>:<contraseña>
INGRESE: 
[MENSAJE DE CLIENTE (SOCKET: 8)] LUCA:x5sqsa
[MENSAJE DE SERVIDOR]:  BIENVENIDO LUCA | ROLE: D | COMISION: 1
[MENSAJE DE CLIENTE (SOCKET: 8)] 2020-01-01
[MENSAJE DE SERVIDOR]:  No hay un archivo cargado para esa fecha
Ingrese el presentismo del alumno enviando ALUMNO|PRESENCIA y cuando termine envie FIN
INGRESE NOMBRE|PRESENCIA: 
[MENSAJE DE CLIENTE (SOCKET: 8)] PEPE|A
[MENSAJE DE SERVIDOR]:  
INGRESE NOMBRE|PRESENCIA: 
[MENSAJE DE CLIENTE (SOCKET: 8)] ROBERTO|P
[MENSAJE DE SERVIDOR]:  
INGRESE NOMBRE|PRESENCIA: 
[MENSAJE DE CLIENTE (SOCKET: 8)] JUAN|A
[MENSAJE DE SERVIDOR]:  
INGRESE NOMBRE|PRESENCIA: 
[MENSAJE DE CLIENTE (SOCKET: 8)] FIN
[MENSAJE DE SERVIDOR]:  
FINALIZO EL PROCESO DE CARGA. SE HA GUARDADO EL ARCHIVO
[MENSAJE DE CLIENTE (SOCKET: 8)] 
[MENSAJE DE SERVIDOR]:  No hay un archivo cargado para esa fecha
Ingrese el presentismo del alumno enviando ALUMNO|PRESENCIA y cuando termine envie FIN
INGRESE NOMBRE|PRESENCIA: 
[MENSAJE DE CLIENTE (SOCKET: 8)] 
[MENSAJE DE SERVIDOR]:  
INGRESE NOMBRE|PRESENCIA: 
[MENSAJE DE CLIENTE (SOCKET: 8)] FIN
[MENSAJE DE SERVIDOR]:  
FINALIZO EL PROCESO DE CARGA. SE HA GUARDADO EL ARCHIVO
[CLIENTE DESCONECTADO]: SOCKET 8
[CLIENTE DESCONECTADO]: SOCKET 7
[CLIENTE DESCONECTADO]: SOCKET 6
[NUEVO CLIENTE]: SOCKET 6
[MENSAJE DE SERVIDOR]:  Bienvenido a la plataforma de la Universidad Nacional de La Matanza
Ingrese nombre de usuario y contraseña como <nombre_de_usuario>:<contraseña>
INGRESE: 
[MENSAJE DE CLIENTE (SOCKET: 6)] LUCA:x5sqsa
[CLIENTE DESCONECTADO]: SOCKET 6
[NUEVO CLIENTE]: SOCKET 7
[MENSAJE DE SERVIDOR]:  Bienvenido a la plataforma de la Universidad Nacional de La Matanza
Ingrese nombre de usuario y contraseña como <nombre_de_usuario>:<contraseña>
INGRESE: 
[MENSAJE DE CLIENTE (SOCKET: 7)] LUCA:x5sqsa
[MENSAJE DE SERVIDOR]:  BIENVENIDO LUCA | ROLE: D | COMISION: 1
[MENSAJE DE CLIENTE (SOCKET: 7)] 2020-01-01
[MENSAJE DE SERVIDOR]:  No hay un archivo cargado para esa fecha
Ingrese el presentismo del alumno enviando ALUMNO|PRESENCIA y cuando termine envie FIN
INGRESE NOMBRE|PRESENCIA: 
[MENSAJE DE CLIENTE (SOCKET: 7)] PEPE|P
[MENSAJE DE SERVIDOR]:  
INGRESE NOMBRE|PRESENCIA: 
[MENSAJE DE CLIENTE (SOCKET: 7)] ROMINA|A
[MENSAJE DE SERVIDOR]:  
INGRESE NOMBRE|PRESENCIA: 
[MENSAJE DE CLIENTE (SOCKET: 7)] JORGE|B
[MENSAJE DE SERVIDOR]:  
INGRESE NOMBRE|PRESENCIA: 
[MENSAJE DE CLIENTE (SOCKET: 7)] FIN
[MENSAJE DE SERVIDOR]:  
FINALIZO EL PROCESO DE CARGA. SE HA GUARDADO EL ARCHIVO
[MENSAJE DE CLIENTE (SOCKET: 7)] 2020-01-01
[MENSAJE DE SERVIDOR]:  No hay un archivo cargado para esa fecha
Ingrese el presentismo del alumno enviando ALUMNO|PRESENCIA y cuando termine envie FIN
INGRESE NOMBRE|PRESENCIA: 
[MENSAJE DE CLIENTE (SOCKET: 7)] FIN
[MENSAJE DE SERVIDOR]:  
FINALIZO EL PROCESO DE CARGA. SE HA GUARDADO EL ARCHIVO
[NUEVO CLIENTE]: SOCKET 6
[MENSAJE DE SERVIDOR]:  Bienvenido a la plataforma de la Universidad Nacional de La Matanza
Ingrese nombre de usuario y contraseña como <nombre_de_usuario>:<contraseña>
INGRESE: 
[CLIENTE DESCONECTADO]: SOCKET 6
[NUEVO CLIENTE]: SOCKET 7
[MENSAJE DE SERVIDOR]:  Bienvenido a la plataforma de la Universidad Nacional de La Matanza
Ingrese nombre de usuario y contraseña como <nombre_de_usuario>:<contraseña>
INGRESE: 
[MENSAJE DE CLIENTE (SOCKET: 7)] LUCA:x5sqsa
[MENSAJE DE SERVIDOR]:  BIENVENIDO LUCA | ROLE: D | COMISION: 1
[MENSAJE DE CLIENTE (SOCKET: 7)] 2020-01-01
[MENSAJE DE SERVIDOR]:  No hay un archivo cargado para esa fecha
Ingrese el presentismo del alumno enviando ALUMNO|PRESENCIA y cuando termine envie FIN
INGRESE NOMBRE|PRESENCIA: 
[NUEVO CLIENTE]: SOCKET 6
[MENSAJE DE SERVIDOR]:  Bienvenido a la plataforma de la Universidad Nacional de La Matanza
Ingrese nombre de usuario y contraseña como <nombre_de_usuario>:<contraseña>
INGRESE: 
[CLIENTE DESCONECTADO]: SOCKET 6
[NUEVO CLIENTE]: SOCKET 7
[MENSAJE DE SERVIDOR]:  Bienvenido a la plataforma de la Universidad Nacional de La Matanza
Ingrese nombre de usuario y contraseña como <nombre_de_usuario>:<contraseña>
INGRESE: 
[MENSAJE DE CLIENTE (SOCKET: 7)] LUCA:x5sqsa
[MENSAJE DE SERVIDOR]:  BIENVENIDO LUCA | ROLE: D | COMISION: 1
[MENSAJE DE CLIENTE (SOCKET: 7)] 2020-01-01
[MENSAJE DE SERVIDOR]:  No hay un archivo cargado para esa fecha
Ingrese el presentismo del alumno enviando ALUMNO|PRESENCIA y cuando termine envie FIN
INGRESE NOMBRE|PRESENCIA: 
[MENSAJE DE CLIENTE (SOCKET: 7)] PEPE|A
[MENSAJE DE SERVIDOR]:  
INGRESE NOMBRE|PRESENCIA: 
[MENSAJE DE CLIENTE (SOCKET: 7)] ROBERTO|P
[MENSAJE DE SERVIDOR]:  
INGRESE NOMBRE|PRESENCIA: 
[MENSAJE DE CLIENTE (SOCKET: 7)] JUAN|A
[MENSAJE DE SERVIDOR]:  
INGRESE NOMBRE|PRESENCIA: 
[MENSAJE DE CLIENTE (SOCKET: 7)] FIN
[MENSAJE DE SERVIDOR]:  
FINALIZO EL PROCESO DE CARGA. SE HA GUARDADO EL ARCHIVO
[MENSAJE DE CLIENTE (SOCKET: 7)] 2020-01-01
[MENSAJE DE SERVIDOR]:  No hay un archivo cargado para esa fecha
Ingrese el presentismo del alumno enviando ALUMNO|PRESENCIA y cuando termine envie FIN
INGRESE NOMBRE|PRESENCIA: 
[MENSAJE DE CLIENTE (SOCKET: 7)] ROBERTO|P
[MENSAJE DE SERVIDOR]:  
INGRESE NOMBRE|PRESENCIA: 
[MENSAJE DE CLIENTE (SOCKET: 7)] FIN
[MENSAJE DE SERVIDOR]:  
FINALIZO EL PROCESO DE CARGA. SE HA GUARDADO EL ARCHIVO
[MENSAJE DE CLIENTE (SOCKET: 7)] 2020-01-01
[MENSAJE DE SERVIDOR]:  No hay un archivo cargado para esa fecha
Ingrese el presentismo del alumno enviando ALUMNO|PRESENCIA y cuando termine envie FIN
INGRESE NOMBRE|PRESENCIA: 
[CLIENTE DESCONECTADO]: SOCKET 7
[NUEVO CLIENTE]: SOCKET 6
[MENSAJE DE SERVIDOR]:  Bienvenido a la plataforma de la Universidad Nacional de La Matanza
Ingrese nombre de usuario y contraseña como <nombre_de_usuario>:<contraseña>
INGRESE: 
[CLIENTE DESCONECTADO]: SOCKET 6
[NUEVO CLIENTE]: SOCKET 7
[MENSAJE DE SERVIDOR]:  Bienvenido a la plataforma de la Universidad Nacional de La Matanza
Ingrese nombre de usuario y contraseña como <nombre_de_usuario>:<contraseña>
INGRESE: 
[MENSAJE DE CLIENTE (SOCKET: 7)] LUCA:x5sqsa
[MENSAJE DE SERVIDOR]:  BIENVENIDO LUCA | ROLE: D | COMISION: 1
[MENSAJE DE CLIENTE (SOCKET: 7)] 2020-01-01
[MENSAJE DE SERVIDOR]:  No hay un archivo cargado para esa fecha
Ingrese el presentismo del alumno enviando ALUMNO|PRESENCIA y cuando termine envie FIN
INGRESE NOMBRE|PRESENCIA: 
[MENSAJE DE CLIENTE (SOCKET: 7)] PEPE|A
[MENSAJE DE SERVIDOR]:  
INGRESE NOMBRE|PRESENCIA: 
[MENSAJE DE CLIENTE (SOCKET: 7)] ROBERTO|B
[MENSAJE DE SERVIDOR]:  
INGRESE NOMBRE|PRESENCIA: 
[MENSAJE DE CLIENTE (SOCKET: 7)] JUAN|A
[MENSAJE DE SERVIDOR]:  
INGRESE NOMBRE|PRESENCIA: 
[MENSAJE DE CLIENTE (SOCKET: 7)] FIN
[MENSAJE DE SERVIDOR]:  
FINALIZO EL PROCESO DE CARGA. SE HA GUARDADO EL ARCHIVO
[MENSAJE DE CLIENTE (SOCKET: 7)] 2020-01-01
[MENSAJE DE SERVIDOR]:  No hay un archivo cargado para esa fecha
Ingrese el presentismo del alumno enviando ALUMNO|PRESENCIA y cuando termine envie FIN
INGRESE NOMBRE|PRESENCIA: 
[MENSAJE DE CLIENTE (SOCKET: 7)] JORGE|A
[MENSAJE DE SERVIDOR]:  
INGRESE NOMBRE|PRESENCIA: 
[MENSAJE DE CLIENTE (SOCKET: 7)] FIN
[MENSAJE DE SERVIDOR]:  
FINALIZO EL PROCESO DE CARGA. SE HA GUARDADO EL ARCHIVO
[MENSAJE DE CLIENTE (SOCKET: 7)] 2020-01-01
[MENSAJE DE SERVIDOR]:  No hay un archivo cargado para esa fecha
Ingrese el presentismo del alumno enviando ALUMNO|PRESENCIA y cuando termine envie FIN
INGRESE NOMBRE|PRESENCIA: 
[MENSAJE DE CLIENTE (SOCKET: 7)] ROBERTO|P
[MENSAJE DE SERVIDOR]:  
INGRESE NOMBRE|PRESENCIA: 
[MENSAJE DE CLIENTE (SOCKET: 7)] FIN
[MENSAJE DE SERVIDOR]:  
FINALIZO EL PROCESO DE CARGA. SE HA GUARDADO EL ARCHIVO
[CLIENTE DESCONECTADO]: SOCKET 7
[NUEVO CLIENTE]: SOCKET 6
[MENSAJE DE SERVIDOR]:  Bienvenido a la plataforma de la Universidad Nacional de La Matanza
Ingrese nombre de usuario y contraseña como <nombre_de_usuario>:<contraseña>
INGRESE: 
[CLIENTE DESCONECTADO]: SOCKET 6
[NUEVO CLIENTE]: SOCKET 7
[MENSAJE DE SERVIDOR]:  Bienvenido a la plataforma de la Universidad Nacional de La Matanza
Ingrese nombre de usuario y contraseña como <nombre_de_usuario>:<contraseña>
INGRESE: 
[MENSAJE DE CLIENTE (SOCKET: 7)] LUCA:x5sqsa
[MENSAJE DE SERVIDOR]:  BIENVENIDO LUCA | ROLE: D | COMISION: 1
[MENSAJE DE CLIENTE (SOCKET: 7)] 2020-01-01
[MENSAJE DE SERVIDOR]:  No hay un archivo cargado para esa fecha
Ingrese el presentismo del alumno enviando ALUMNO|PRESENCIA y cuando termine envie FIN
INGRESE NOMBRE|PRESENCIA: 
[MENSAJE DE CLIENTE (SOCKET: 7)] ROBERTO|A
[MENSAJE DE SERVIDOR]:  
INGRESE NOMBRE|PRESENCIA: 
[MENSAJE DE CLIENTE (SOCKET: 7)] PEPE|P
[MENSAJE DE SERVIDOR]:  
INGRESE NOMBRE|PRESENCIA: 
[MENSAJE DE CLIENTE (SOCKET: 7)] ANA|P
[MENSAJE DE SERVIDOR]:  
INGRESE NOMBRE|PRESENCIA: 
[MENSAJE DE CLIENTE (SOCKET: 7)] FIN
[MENSAJE DE SERVIDOR]:  
FINALIZO EL PROCESO DE CARGA. SE HA GUARDADO EL ARCHIVO
[MENSAJE DE CLIENTE (SOCKET: 7)] 2020-01-01
[MENSAJE DE SERVIDOR]:  No hay un archivo cargado para esa fecha
Ingrese el presentismo del alumno enviando ALUMNO|PRESENCIA y cuando termine envie FIN
INGRESE NOMBRE|PRESENCIA: 
[MENSAJE DE CLIENTE (SOCKET: 7)] PEPE|A
[MENSAJE DE SERVIDOR]:  
INGRESE NOMBRE|PRESENCIA: 
[MENSAJE DE CLIENTE (SOCKET: 7)] FIN
[MENSAJE DE SERVIDOR]:  
FINALIZO EL PROCESO DE CARGA. SE HA GUARDADO EL ARCHIVO
[MENSAJE DE CLIENTE (SOCKET: 7)] 2020-01-01
[MENSAJE DE CLIENTE (SOCKET: 7)] 2020-01-02
[MENSAJE DE SERVIDOR]:  No hay un archivo cargado para esa fecha
Ingrese el presentismo del alumno enviando ALUMNO|PRESENCIA y cuando termine envie FIN
INGRESE NOMBRE|PRESENCIA: 
[MENSAJE DE CLIENTE (SOCKET: 7)] PEPE|P
[MENSAJE DE SERVIDOR]:  
INGRESE NOMBRE|PRESENCIA: 
[MENSAJE DE CLIENTE (SOCKET: 7)] FIN
[MENSAJE DE SERVIDOR]:  
FINALIZO EL PROCESO DE CARGA. SE HA GUARDADO EL ARCHIVO
[CLIENTE DESCONECTADO]: SOCKET 7
